SF:lib/provider/encryptor.dart
DA:30,3
DA:31,3
DA:35,2
DA:38,4
DA:39,2
DA:40,2
DA:41,2
DA:45,2
DA:61,2
DA:64,2
DA:65,1
DA:68,3
DA:71,4
DA:73,1
DA:74,2
DA:75,2
DA:76,1
DA:80,2
DA:81,1
DA:91,1
DA:92,1
DA:94,3
DA:97,2
DA:98,2
DA:101,6
DA:104,8
DA:106,2
DA:107,4
DA:108,4
DA:109,2
DA:113,4
DA:115,2
DA:126,2
DA:127,2
DA:129,6
DA:136,3
DA:137,3
DA:140,9
DA:141,3
DA:142,3
DA:146,2
DA:147,2
DA:150,6
DA:151,2
DA:152,2
DA:158,2
DA:160,2
DA:161,1
DA:163,2
DA:167,6
DA:170,8
DA:173,3
DA:174,4
DA:175,4
DA:176,2
DA:180,4
DA:183,6
DA:195,2
DA:197,2
DA:198,6
DA:199,2
DA:207,6
DA:208,2
DA:210,2
DA:211,8
DA:215,2
DA:217,4
DA:218,6
DA:223,2
DA:224,2
DA:225,6
DA:226,2
DA:227,2
DA:228,2
DA:235,6
DA:236,2
DA:237,2
DA:238,8
DA:241,2
DA:243,4
DA:244,6
DA:247,16
DA:248,16
DA:250,8
DA:251,8
DA:252,8
DA:253,16
DA:255,8
DA:258,8
DA:259,8
DA:260,7
DA:261,7
DA:262,21
DA:264,7
DA:265,7
DA:267,7
DA:268,7
DA:271,0
DA:272,0
DA:276,7
DA:278,7
DA:279,7
DA:280,7
DA:282,7
DA:286,5
DA:296,1
DA:297,2
DA:298,1
DA:299,1
DA:300,2
DA:303,1
DA:304,1
DA:305,1
DA:310,1
DA:311,1
DA:312,1
DA:313,3
DA:316,1
DA:317,1
DA:318,2
DA:319,2
DA:320,1
DA:325,8
DA:327,24
DA:328,24
DA:329,8
DA:330,40
DA:331,32
DA:333,8
DA:336,7
DA:337,7
DA:338,21
DA:339,21
DA:340,7
LF:134
LH:132
end_of_record
SF:lib/helper/dates_and_times.dart
DA:5,4
DA:7,4
DA:8,4
DA:9,4
DA:10,4
DA:11,4
DA:12,4
DA:13,4
DA:14,4
DA:15,4
DA:16,4
DA:17,4
DA:18,4
DA:21,4
DA:22,4
DA:23,4
DA:24,4
DA:25,4
DA:26,4
DA:27,4
DA:30,4
DA:31,4
DA:32,4
DA:33,4
DA:34,14
DA:41,2
DA:42,8
DA:43,8
DA:46,8
DA:50,1
DA:52,1
DA:53,9
DA:55,1
DA:56,3
DA:57,3
DA:58,3
DA:59,2
DA:60,1
DA:62,1
DA:63,6
DA:65,1
DA:66,3
DA:72,8
DA:73,28
DA:74,4
DA:75,1
DA:78,7
LF:47
LH:47
end_of_record
SF:lib/pages/entries.dart
DA:17,3
DA:19,3
DA:20,3
DA:21,3
DA:22,3
DA:26,6
DA:27,6
DA:28,9
DA:29,9
DA:30,3
DA:69,1
DA:70,1
DA:71,2
DA:75,8
DA:77,3
DA:78,3
DA:88,3
DA:90,6
DA:92,6
DA:93,6
DA:94,2
DA:97,6
DA:98,6
DA:100,6
DA:101,3
DA:102,3
DA:103,3
DA:104,6
DA:108,3
DA:110,3
DA:111,3
DA:113,3
DA:114,6
DA:120,6
DA:121,3
DA:123,12
DA:124,3
DA:125,1
DA:126,1
DA:128,3
DA:135,3
DA:137,3
DA:140,3
DA:141,3
DA:147,3
DA:149,12
DA:150,3
DA:151,3
DA:155,3
DA:157,3
DA:159,6
DA:160,3
DA:162,6
DA:164,2
DA:165,2
DA:166,2
DA:167,2
DA:176,3
DA:178,3
DA:180,3
DA:181,3
DA:182,6
DA:183,6
DA:184,6
DA:185,3
DA:186,3
DA:187,3
DA:188,3
DA:189,3
DA:190,3
DA:191,3
DA:192,3
DA:193,1
DA:195,2
DA:196,2
DA:197,2
DA:201,3
DA:204,3
DA:208,3
DA:210,3
DA:212,3
DA:217,3
DA:218,3
DA:220,6
DA:221,2
DA:223,4
DA:224,4
DA:225,1
DA:226,2
DA:230,2
DA:235,1
DA:236,2
DA:237,4
DA:238,4
DA:239,2
DA:241,2
DA:244,2
DA:245,4
DA:246,4
DA:248,2
DA:255,6
DA:262,1
DA:264,2
DA:265,2
DA:266,2
DA:267,2
DA:269,2
DA:274,2
DA:275,1
DA:277,3
DA:280,1
DA:281,1
DA:283,1
DA:284,1
DA:288,1
DA:289,1
DA:290,1
DA:291,1
DA:292,1
DA:294,1
DA:295,1
DA:296,1
DA:297,1
DA:305,2
DA:316,3
DA:317,6
DA:320,2
DA:322,2
DA:323,1
DA:325,3
DA:327,2
DA:328,2
DA:329,2
DA:332,4
DA:333,4
DA:341,1
DA:342,1
DA:345,1
DA:356,1
DA:360,2
DA:362,2
DA:363,2
DA:364,3
DA:370,2
DA:371,2
DA:380,1
DA:381,1
DA:385,1
DA:387,2
DA:389,2
DA:391,2
DA:392,2
DA:394,5
DA:402,2
DA:403,2
DA:415,2
DA:416,4
DA:417,6
DA:418,2
DA:419,6
DA:420,2
DA:423,14
DA:424,4
DA:426,8
DA:428,4
DA:429,5
DA:432,4
DA:438,1
DA:440,1
DA:442,5
DA:443,2
DA:444,2
DA:445,4
DA:446,1
DA:450,4
DA:451,2
DA:452,6
DA:457,1
DA:460,4
DA:461,2
DA:462,5
DA:467,1
DA:468,2
DA:471,3
DA:472,3
DA:473,15
DA:474,6
DA:475,6
DA:476,3
DA:477,3
DA:478,12
DA:479,12
DA:480,1
DA:481,2
DA:482,2
DA:483,2
DA:484,3
DA:491,2
DA:494,5
DA:495,2
DA:496,2
DA:497,6
DA:498,5
DA:499,6
DA:501,2
DA:502,2
DA:503,6
DA:504,4
DA:505,0
DA:506,3
DA:507,1
DA:508,2
DA:509,8
DA:515,6
DA:516,6
DA:518,4
DA:521,1
DA:522,1
DA:523,1
DA:524,1
DA:525,1
DA:526,1
DA:527,1
DA:529,2
DA:530,2
DA:531,2
DA:544,10
DA:546,2
DA:547,2
DA:563,2
DA:565,2
DA:566,4
DA:567,8
DA:568,8
DA:569,10
DA:570,10
DA:571,8
DA:572,8
DA:574,2
DA:575,2
DA:579,2
DA:582,4
DA:583,4
DA:584,2
DA:588,1
DA:590,1
DA:592,1
DA:593,1
DA:594,1
DA:598,2
DA:604,1
DA:605,2
DA:606,1
DA:617,1
DA:620,1
DA:621,1
DA:622,1
DA:623,2
DA:625,1
DA:626,2
DA:628,1
DA:629,1
DA:630,1
DA:636,1
DA:638,1
DA:640,1
DA:641,2
DA:646,1
DA:648,1
DA:649,1
DA:650,2
DA:659,2
DA:660,1
DA:661,1
DA:662,2
DA:663,2
DA:667,2
DA:668,1
DA:669,1
DA:672,1
DA:673,1
DA:676,1
DA:679,1
DA:682,1
DA:683,1
DA:684,1
DA:685,1
DA:686,2
DA:687,1
DA:689,1
DA:691,1
DA:693,1
DA:694,1
DA:697,1
DA:698,2
DA:708,1
DA:709,1
DA:710,1
DA:711,1
DA:712,2
DA:713,1
DA:715,1
DA:717,1
DA:719,1
DA:720,1
DA:723,1
DA:724,2
DA:735,1
DA:737,3
DA:739,1
DA:740,2
DA:741,2
DA:742,1
DA:743,1
DA:745,2
DA:746,1
DA:747,2
DA:748,2
DA:749,1
DA:750,1
DA:751,1
DA:757,3
DA:758,7
DA:759,3
DA:761,3
DA:762,2
DA:763,2
DA:764,1
DA:765,1
DA:768,2
DA:772,1
DA:773,1
DA:774,3
DA:775,2
DA:776,6
DA:778,1
DA:779,1
DA:780,2
DA:781,2
DA:785,2
DA:786,1
DA:787,5
DA:792,1
DA:795,1
DA:796,2
DA:797,3
DA:798,2
DA:800,6
DA:802,1
DA:803,1
DA:804,2
DA:805,2
DA:809,1
DA:810,4
DA:811,1
DA:812,5
DA:817,1
DA:820,2
DA:821,2
DA:822,4
DA:823,2
DA:824,1
DA:825,1
DA:826,2
DA:827,1
DA:828,5
DA:832,2
DA:835,2
DA:836,2
DA:837,6
DA:838,4
DA:839,2
DA:840,3
DA:842,2
DA:845,0
DA:848,0
DA:850,0
DA:852,0
DA:853,0
DA:854,0
DA:855,0
DA:856,0
DA:858,0
DA:860,0
DA:861,0
DA:862,0
DA:863,0
DA:869,0
DA:870,0
DA:871,0
DA:876,0
DA:877,0
DA:881,0
DA:882,0
DA:883,0
DA:885,0
DA:888,1
DA:889,1
DA:890,3
DA:891,0
DA:893,4
DA:896,2
DA:898,2
DA:899,2
DA:900,12
DA:905,2
DA:907,2
DA:908,6
DA:909,4
DA:911,2
DA:913,2
DA:914,2
DA:923,2
DA:925,2
DA:927,0
DA:928,0
DA:929,0
DA:931,4
DA:932,2
DA:933,2
DA:948,2
DA:951,2
DA:952,2
DA:955,2
DA:957,2
DA:963,2
DA:966,2
DA:967,2
DA:970,2
DA:972,2
DA:977,2
DA:994,1
DA:996,1
DA:997,3
DA:998,2
DA:999,1
DA:1000,1
DA:1001,1
DA:1002,1
DA:1003,1
DA:1004,3
LF:441
LH:414
end_of_record
SF:lib/provider/entry.dart
DA:6,10
DA:7,12
DA:10,24
DA:11,8
DA:12,8
DA:13,8
DA:14,8
DA:15,8
DA:16,8
DA:17,8
DA:18,8
DA:19,8
DA:20,8
DA:38,19
DA:127,0
DA:129,0
DA:130,0
DA:132,0
DA:133,0
DA:134,0
DA:135,0
DA:137,0
DA:143,0
DA:144,0
DA:147,0
DA:148,0
DA:151,1
DA:153,6
DA:154,6
DA:158,7
DA:160,7
DA:165,6
DA:166,8
DA:167,16
DA:168,16
DA:172,7
DA:173,6
DA:174,10
DA:175,5
DA:176,0
DA:188,8
DA:189,8
DA:191,16
DA:192,32
DA:194,16
DA:195,8
DA:197,8
DA:232,8
DA:245,3
DA:269,3
DA:276,3
DA:277,16
DA:280,1
DA:287,1
DA:289,1
DA:290,1
DA:291,5
DA:293,1
DA:294,1
DA:295,1
DA:298,2
DA:299,2
DA:300,6
DA:301,6
DA:302,4
DA:303,4
DA:304,4
DA:305,8
DA:306,2
DA:307,3
DA:308,4
DA:309,4
DA:310,2
DA:311,4
DA:312,1
DA:314,1
DA:315,1
DA:321,3
DA:322,6
DA:323,6
DA:324,10
DA:325,5
DA:326,2
DA:331,0
DA:344,1
DA:346,3
DA:347,4
DA:356,1
DA:363,1
DA:369,1
DA:370,2
DA:371,3
DA:376,1
DA:378,1
DA:379,3
DA:380,1
DA:384,1
DA:385,1
DA:386,3
DA:387,1
DA:388,2
DA:389,1
DA:390,2
DA:394,4
DA:396,7
DA:397,3
DA:398,6
DA:399,3
DA:400,6
DA:401,10
DA:402,6
DA:403,8
DA:404,10
DA:405,6
DA:406,8
DA:409,4
DA:411,6
DA:412,2
DA:413,4
DA:414,2
DA:415,4
DA:416,0
DA:417,0
DA:418,0
DA:419,0
DA:420,0
DA:421,0
LF:127
LH:107
end_of_record
SF:lib/provider/theme_settings.dart
DA:14,3
DA:40,1
DA:41,1
DA:42,1
DA:43,1
DA:44,1
DA:53,1
DA:54,2
DA:55,1
DA:65,2
DA:70,1
DA:96,1
DA:98,1
DA:99,1
DA:105,1
DA:106,1
DA:108,2
DA:109,1
DA:111,1
DA:113,1
DA:115,1
DA:117,1
DA:143,1
DA:145,1
DA:150,1
DA:151,1
DA:162,1
DA:164,1
DA:167,1
DA:176,1
DA:177,1
DA:179,2
DA:185,2
DA:221,21
DA:243,7
DA:247,7
DA:248,7
DA:249,7
DA:250,7
DA:251,7
DA:260,7
DA:261,14
DA:262,7
DA:272,14
DA:279,7
DA:303,7
DA:305,7
DA:306,7
DA:312,7
DA:313,7
DA:315,14
DA:316,7
DA:318,7
DA:320,7
DA:322,7
DA:324,7
DA:356,7
DA:357,7
DA:382,7
DA:383,7
DA:385,14
DA:391,14
DA:426,0
DA:427,0
DA:430,0
DA:436,14
DA:438,1
DA:440,1
DA:441,1
DA:444,1
DA:446,1
DA:450,7
DA:452,7
DA:453,35
LF:74
LH:71
end_of_record
SF:lib/uiwidgets/decorations.dart
DA:11,21
DA:37,7
DA:39,7
DA:40,42
DA:43,7
DA:44,7
DA:54,7
DA:56,7
DA:57,14
DA:60,7
DA:62,7
DA:64,7
DA:65,7
DA:66,7
DA:67,7
DA:68,7
DA:70,21
DA:74,21
DA:77,7
DA:78,1
DA:79,2
DA:81,1
DA:82,1
DA:91,28
DA:93,7
DA:96,7
DA:98,7
DA:101,7
DA:103,21
DA:106,7
DA:108,7
DA:115,28
DA:122,7
DA:123,7
DA:124,7
DA:126,21
DA:131,1
DA:133,2
DA:134,1
DA:135,2
DA:137,1
DA:138,2
DA:155,3
DA:161,3
DA:162,3
DA:176,3
DA:178,6
DA:179,6
DA:180,3
DA:183,3
DA:185,3
DA:186,3
DA:187,3
DA:190,3
DA:191,3
DA:195,3
DA:196,3
DA:204,3
DA:206,3
DA:210,10
DA:212,6
DA:215,6
DA:226,7
DA:232,7
DA:234,21
DA:235,21
DA:236,7
DA:239,7
DA:240,7
DA:241,7
DA:246,7
DA:249,7
DA:250,28
DA:253,7
DA:260,7
DA:262,7
DA:264,14
DA:266,7
DA:267,14
DA:270,7
DA:271,7
DA:272,28
DA:274,21
DA:275,28
DA:280,7
DA:281,14
DA:283,7
DA:284,7
DA:285,21
DA:287,21
DA:288,28
DA:297,3
DA:299,3
DA:301,3
DA:302,3
DA:303,3
DA:304,3
DA:305,3
DA:308,3
DA:309,9
DA:310,9
DA:359,5
DA:367,5
DA:369,5
DA:370,5
DA:372,5
DA:373,4
DA:374,12
DA:375,12
DA:376,4
DA:377,4
DA:378,4
DA:386,4
DA:388,4
DA:389,0
DA:391,4
DA:392,5
DA:395,20
DA:406,2
DA:408,2
DA:409,2
DA:413,1
DA:414,2
DA:415,3
DA:419,2
DA:420,6
DA:421,10
DA:422,4
DA:423,7
DA:425,5
DA:426,0
DA:427,3
DA:431,2
DA:433,2
DA:437,6
DA:440,2
DA:441,2
DA:442,6
DA:443,8
DA:444,5
DA:447,2
DA:452,2
DA:454,2
DA:455,8
DA:456,2
DA:457,2
DA:458,6
DA:462,2
DA:466,2
DA:467,2
DA:470,2
DA:471,2
DA:472,2
DA:474,6
DA:475,3
DA:477,3
DA:484,2
DA:489,6
DA:496,2
DA:497,10
DA:498,11
DA:504,2
DA:507,2
DA:509,6
DA:510,1
DA:515,4
DA:516,1
DA:520,2
DA:521,21
DA:522,6
DA:525,2
DA:527,2
DA:529,2
DA:531,2
DA:532,21
DA:533,6
DA:537,2
DA:538,21
DA:539,6
DA:555,9
DA:557,3
DA:558,3
DA:563,6
DA:569,3
DA:575,3
DA:577,6
DA:578,3
DA:581,3
DA:583,3
DA:585,3
DA:586,3
DA:588,3
DA:590,3
DA:593,3
DA:594,3
DA:595,3
DA:596,3
DA:597,3
DA:598,6
DA:609,3
DA:610,3
DA:612,9
DA:613,9
DA:614,3
DA:615,3
DA:616,3
DA:618,3
DA:619,18
DA:620,3
DA:621,9
LF:210
LH:208
end_of_record
SF:lib/provider/settings.dart
DA:44,18
DA:46,5
DA:49,10
DA:50,5
DA:58,7
DA:59,7
DA:60,21
DA:62,7
DA:65,2
DA:66,2
DA:70,6
DA:71,6
DA:73,6
DA:74,6
DA:75,6
DA:85,8
DA:86,8
DA:87,24
DA:90,8
DA:93,6
DA:95,8
DA:96,8
DA:97,24
DA:101,5
DA:102,5
DA:104,5
DA:107,5
DA:108,5
DA:112,5
DA:113,5
DA:114,5
DA:117,5
DA:121,7
DA:125,9
DA:126,4
DA:127,1
DA:128,2
DA:129,3
DA:130,6
DA:131,1
DA:132,3
DA:133,2
DA:134,2
DA:135,0
DA:136,24
DA:138,7
DA:139,14
DA:140,7
DA:141,7
DA:145,7
DA:146,21
DA:147,21
DA:148,14
DA:149,1
DA:150,2
DA:151,0
DA:152,0
DA:154,3
DA:155,18
DA:156,4
DA:157,20
DA:158,8
DA:159,16
DA:161,9
DA:166,6
DA:170,1
DA:202,1
DA:203,1
DA:207,2
DA:208,3
DA:209,1
DA:210,1
DA:211,1
DA:212,1
DA:216,1
DA:223,1
DA:224,1
DA:226,1
DA:229,1
DA:235,1
DA:237,1
DA:238,2
DA:245,1
DA:246,1
DA:255,1
DA:257,3
DA:258,2
DA:259,2
DA:260,2
DA:261,1
DA:262,1
DA:265,1
DA:266,1
DA:267,1
DA:269,3
DA:270,1
DA:271,1
DA:273,0
DA:275,1
DA:277,0
DA:278,0
DA:281,1
DA:282,1
DA:288,1
DA:290,1
DA:291,1
DA:293,2
DA:294,3
DA:296,1
DA:299,1
DA:301,1
DA:307,1
DA:309,1
DA:312,1
DA:313,1
DA:321,1
DA:323,1
DA:327,2
DA:328,3
DA:329,1
DA:330,1
DA:331,1
DA:332,1
DA:337,2
DA:339,1
DA:341,4
DA:359,1
DA:362,1
DA:364,1
DA:368,2
DA:369,3
DA:371,1
DA:374,1
DA:375,1
DA:378,1
DA:379,1
DA:381,1
DA:382,0
DA:391,1
DA:395,2
DA:396,3
DA:400,1
DA:401,1
DA:403,2
DA:405,1
DA:407,1
DA:408,1
DA:409,1
DA:419,1
DA:422,1
DA:423,1
DA:426,2
DA:427,3
DA:431,1
DA:434,1
DA:435,1
DA:439,1
DA:440,1
DA:442,2
DA:459,5
DA:460,5
DA:461,5
DA:462,1
DA:465,8
DA:468,1
DA:476,1
DA:478,1
DA:479,1
DA:480,1
DA:482,2
DA:483,3
DA:485,1
DA:488,1
DA:490,1
DA:496,1
DA:497,1
DA:499,1
DA:500,1
DA:504,2
DA:506,3
DA:507,1
DA:508,1
DA:510,1
DA:511,1
DA:517,1
DA:518,1
DA:519,1
DA:524,1
DA:527,1
DA:528,1
DA:529,1
DA:534,1
DA:541,1
DA:543,1
DA:544,1
DA:549,1
DA:558,1
DA:559,1
DA:577,1
DA:578,2
LF:200
LH:193
end_of_record
SF:lib/uiwidgets/emotion_chart.dart
DA:15,8
DA:16,24
DA:25,4
DA:27,4
DA:29,4
DA:30,4
DA:43,3
DA:44,15
DA:45,4
DA:46,20
DA:48,4
DA:49,12
DA:51,4
DA:52,4
DA:53,4
DA:61,4
DA:62,4
DA:65,4
DA:70,4
DA:71,4
DA:74,12
DA:75,4
DA:76,0
DA:77,0
DA:79,0
DA:80,0
DA:82,0
DA:83,0
DA:85,0
DA:86,0
DA:87,0
DA:89,0
DA:90,0
DA:91,0
DA:92,0
DA:95,0
DA:99,8
DA:101,4
DA:105,8
DA:106,4
DA:112,8
DA:115,8
DA:116,12
DA:117,16
DA:118,4
DA:119,12
DA:129,4
DA:134,1
DA:135,3
DA:138,4
DA:139,5
DA:140,1
DA:141,4
DA:142,1
DA:146,2
DA:147,2
DA:148,1
DA:154,2
DA:156,5
DA:158,1
DA:166,1
DA:167,3
DA:168,3
DA:170,1
DA:172,1
DA:173,1
DA:175,1
DA:177,1
DA:178,4
DA:183,1
DA:184,1
DA:185,1
DA:186,1
DA:189,1
DA:199,4
DA:200,20
DA:203,24
DA:204,8
DA:205,4
DA:206,4
DA:208,4
DA:209,12
DA:210,8
DA:211,4
DA:212,12
DA:216,4
DA:218,20
DA:219,20
DA:220,4
DA:221,16
DA:222,12
DA:227,19
DA:228,6
DA:229,6
DA:231,9
DA:234,15
DA:235,15
DA:236,3
DA:237,23
DA:240,0
DA:241,0
DA:246,4
DA:247,4
DA:249,4
DA:251,4
DA:252,4
DA:253,4
DA:254,4
DA:255,4
DA:258,3
DA:259,3
DA:260,6
DA:263,4
DA:264,4
DA:265,28
DA:266,12
DA:270,4
DA:273,3
DA:274,3
DA:275,8
DA:280,4
DA:281,8
DA:282,8
DA:283,2
LF:124
LH:108
end_of_record
SF:lib/main.dart
DA:11,7
DA:13,7
DA:14,7
DA:21,7
DA:23,7
DA:24,7
DA:30,7
DA:32,7
DA:33,14
DA:34,2
DA:35,2
DA:36,2
DA:37,2
DA:38,2
DA:41,7
DA:45,7
DA:47,14
DA:48,7
DA:51,7
DA:53,7
DA:54,7
DA:55,7
DA:56,14
DA:57,7
DA:58,14
DA:59,7
DA:60,7
DA:61,7
DA:63,7
DA:64,7
DA:65,4
DA:66,5
DA:67,2
DA:68,2
DA:69,2
DA:70,7
DA:85,1
DA:87,1
DA:89,1
DA:91,1
DA:93,1
DA:95,1
DA:97,1
DA:99,1
DA:104,1
DA:108,7
DA:109,7
DA:112,7
LF:48
LH:48
end_of_record
SF:lib/pages/calendar.dart
DA:10,8
DA:12,4
DA:13,4
DA:36,4
DA:38,4
DA:39,4
DA:40,4
DA:41,4
DA:44,4
DA:46,4
DA:48,4
DA:50,4
DA:54,4
DA:56,4
DA:57,2
DA:59,2
DA:60,0
DA:61,0
DA:63,2
DA:64,0
DA:67,10
LF:21
LH:18
end_of_record
SF:lib/pages/dashboard.dart
DA:8,7
DA:10,5
DA:11,5
DA:16,5
DA:18,5
DA:26,5
LF:6
LH:6
end_of_record
SF:lib/pages/settings.dart
DA:11,14
DA:13,3
DA:14,3
DA:19,3
DA:21,3
DA:22,3
DA:23,9
DA:24,3
DA:25,15
DA:27,3
DA:30,3
DA:36,6
DA:38,3
DA:39,18
DA:43,3
DA:45,3
DA:46,3
DA:47,3
DA:48,9
DA:49,9
DA:54,3
DA:55,3
DA:57,3
DA:59,3
DA:60,12
DA:61,3
DA:64,3
DA:66,3
DA:68,3
DA:69,3
DA:72,3
DA:74,3
DA:75,3
DA:76,3
DA:80,3
DA:85,9
DA:87,3
DA:91,3
DA:94,3
DA:96,1
DA:101,3
DA:102,1
DA:103,3
DA:105,3
DA:106,3
DA:108,3
DA:110,9
DA:112,3
DA:114,12
DA:119,3
DA:120,1
DA:121,1
DA:124,1
DA:125,1
DA:127,3
DA:129,3
DA:130,3
DA:132,3
DA:133,9
DA:134,3
DA:136,12
DA:141,3
DA:142,0
DA:143,0
DA:144,0
DA:145,0
DA:147,0
DA:149,3
DA:151,3
DA:152,3
DA:154,3
DA:156,9
DA:158,9
DA:159,12
DA:166,3
DA:168,3
DA:170,3
DA:171,3
DA:173,3
DA:175,9
DA:177,3
DA:178,12
DA:186,3
DA:188,1
DA:189,1
DA:190,3
DA:192,3
DA:193,3
DA:195,3
DA:196,3
DA:197,3
DA:198,3
DA:199,3
DA:200,3
DA:201,3
DA:202,3
DA:203,3
DA:205,3
DA:208,12
DA:215,3
DA:219,3
DA:220,3
DA:221,3
DA:222,3
DA:223,3
DA:225,3
DA:226,3
DA:227,3
DA:229,3
DA:231,9
DA:235,3
DA:237,3
DA:238,3
DA:240,3
DA:242,9
DA:244,3
DA:248,1
DA:249,2
DA:269,7
DA:271,1
DA:272,1
DA:282,1
DA:283,2
DA:284,1
DA:285,8
DA:286,4
DA:287,2
DA:292,1
DA:294,1
DA:296,1
DA:297,1
DA:299,1
DA:301,1
DA:303,1
DA:305,1
DA:309,0
DA:313,1
DA:315,1
DA:320,1
DA:321,0
DA:327,1
DA:328,1
DA:331,1
DA:332,1
DA:333,2
DA:335,1
DA:338,2
DA:339,2
DA:340,2
DA:341,2
DA:344,1
DA:347,3
DA:353,2
DA:356,1
DA:357,1
DA:361,4
DA:362,1
DA:363,1
DA:366,5
DA:371,2
DA:373,1
DA:374,1
DA:376,1
DA:377,1
DA:379,1
DA:380,1
DA:381,1
DA:382,1
DA:383,3
DA:384,1
DA:386,4
DA:392,1
DA:394,1
DA:395,1
DA:397,1
DA:398,2
DA:399,4
DA:403,1
DA:404,3
DA:405,2
DA:406,1
DA:407,4
DA:419,1
DA:425,1
DA:427,1
DA:429,1
DA:430,1
DA:431,1
DA:433,1
DA:434,1
DA:435,5
DA:439,1
DA:441,1
DA:442,1
DA:443,1
DA:444,3
DA:445,3
DA:448,1
DA:451,1
DA:453,1
DA:457,1
DA:460,1
DA:462,1
DA:464,1
DA:465,1
DA:467,1
DA:469,1
DA:472,1
DA:475,2
DA:476,2
DA:479,6
DA:480,7
DA:482,2
DA:485,1
DA:487,1
DA:488,1
DA:489,1
DA:494,1
DA:495,1
LF:219
LH:212
end_of_record
SF:lib/pages/welcome.dart
DA:18,7
DA:20,7
DA:21,7
DA:28,7
DA:30,14
DA:31,7
DA:34,14
DA:37,7
DA:40,7
DA:42,7
DA:44,7
DA:45,7
DA:46,7
DA:47,7
DA:48,7
DA:49,7
DA:50,21
DA:51,21
DA:53,7
DA:54,21
DA:55,21
DA:57,7
DA:58,21
DA:59,21
DA:61,7
DA:62,21
DA:63,21
DA:66,7
DA:72,7
DA:77,21
DA:85,7
DA:88,7
DA:89,7
DA:90,21
DA:91,21
DA:92,7
DA:96,7
DA:100,7
DA:101,7
DA:103,7
DA:105,7
DA:107,7
DA:108,7
DA:109,7
DA:110,7
DA:111,28
DA:115,7
DA:118,7
DA:119,21
DA:125,7
DA:127,7
DA:131,7
DA:132,7
DA:133,7
DA:135,28
DA:137,7
DA:138,7
DA:139,7
DA:140,7
DA:141,7
DA:146,7
DA:149,7
DA:150,7
DA:153,21
DA:156,7
DA:158,7
DA:159,7
DA:160,7
DA:161,7
DA:167,7
DA:170,21
DA:185,7
DA:187,7
DA:189,7
DA:191,7
DA:193,10
DA:202,7
DA:203,13
DA:204,7
DA:206,7
DA:208,1
DA:209,1
DA:211,7
DA:212,21
DA:222,7
DA:224,7
DA:226,7
DA:235,7
DA:238,1
DA:239,1
DA:242,2
DA:245,21
DA:246,21
LF:93
LH:93
end_of_record
SF:lib/uiwidgets/calendar.dart
DA:12,4
DA:14,4
DA:15,4
DA:24,16
DA:25,24
DA:30,8
DA:31,8
DA:32,4
DA:36,4
DA:37,8
DA:38,4
DA:40,4
DA:41,8
DA:46,4
DA:47,4
DA:49,16
DA:50,20
DA:52,12
DA:59,4
DA:60,4
DA:61,4
DA:62,12
DA:63,12
DA:64,4
DA:68,24
DA:69,20
DA:70,12
DA:72,17
DA:73,2
DA:76,20
DA:77,20
DA:78,24
DA:81,8
DA:84,4
DA:86,12
DA:89,20
DA:90,23
DA:91,3
DA:95,12
DA:96,6
DA:97,12
DA:98,3
DA:99,3
DA:106,17
DA:107,4
DA:108,4
DA:115,4
DA:117,4
DA:118,4
DA:120,4
DA:121,4
DA:122,4
DA:123,4
DA:124,4
DA:127,3
DA:128,3
DA:129,6
DA:132,4
DA:133,4
DA:134,8
DA:136,27
DA:137,12
DA:141,4
DA:144,3
DA:145,3
DA:146,3
DA:154,4
DA:155,12
DA:156,4
DA:157,4
DA:159,4
DA:162,4
DA:167,4
LF:73
LH:73
end_of_record
